<?xml version="1.0" encoding="UTF-8"?>
<testng-results ignored="0" total="4" passed="4" failed="0" skipped="0">
  <reporter-output>
  </reporter-output>
  <suite started-at="2023-07-17T11:32:40 IST" name="Suite" finished-at="2023-07-17T11:33:05 IST" duration-ms="25333">
    <groups>
    </groups>
    <test started-at="2023-07-17T11:32:40 IST" name="Test" finished-at="2023-07-17T11:33:05 IST" duration-ms="25333">
      <class name="ltim.practise2.BaseTest">
        <test-method is-config="true" signature="launchURL()[pri:0, instance:ltim.practise2.BaseTest@4c12331b]" started-at="2023-07-17T11:32:28 IST" name="launchURL" finished-at="2023-07-17T11:32:40 IST" duration-ms="11827" status="PASS">
          <reporter-output>
          </reporter-output>
        </test-method> <!-- launchURL -->
        <test-method is-config="true" signature="afterSuite()[pri:0, instance:ltim.practise2.BaseTest@4c12331b]" started-at="2023-07-17T11:33:06 IST" name="afterSuite" finished-at="2023-07-17T11:33:09 IST" duration-ms="3708" status="PASS">
          <reporter-output>
          </reporter-output>
        </test-method> <!-- afterSuite -->
      </class> <!-- ltim.practise2.BaseTest -->
      <class name="ltim.practise2.TestApp">
        <test-method signature="isSiteLoaded()[pri:0, instance:ltim.practise2.TestApp@6f03482]" started-at="2023-07-17T11:32:40 IST" name="isSiteLoaded" finished-at="2023-07-17T11:32:40 IST" duration-ms="24" status="PASS">
          <reporter-output>
          </reporter-output>
        </test-method> <!-- isSiteLoaded -->
        <test-method signature="searchProcuct()[pri:1, instance:ltim.practise2.TestApp@6f03482]" started-at="2023-07-17T11:32:40 IST" name="searchProcuct" finished-at="2023-07-17T11:32:48 IST" duration-ms="8051" status="PASS">
          <reporter-output>
          </reporter-output>
        </test-method> <!-- searchProcuct -->
        <test-method signature="listOfIhones()[pri:2, instance:ltim.practise2.TestApp@6f03482]" started-at="2023-07-17T11:32:48 IST" name="listOfIhones" finished-at="2023-07-17T11:33:05 IST" duration-ms="16852" status="PASS">
          <reporter-output>
          </reporter-output>
        </test-method> <!-- listOfIhones -->
        <test-method signature="isInStock()[pri:3, instance:ltim.practise2.TestApp@6f03482]" started-at="2023-07-17T11:33:05 IST" name="isInStock" finished-at="2023-07-17T11:33:05 IST" duration-ms="327" status="PASS">
          <reporter-output>
          </reporter-output>
        </test-method> <!-- isInStock -->
      </class> <!-- ltim.practise2.TestApp -->
    </test> <!-- Test -->
  </suite> <!-- Suite -->
</testng-results>
