<?xml version="1.0" encoding="UTF-8"?>
<!-- Generated by org.testng.reporters.JUnitXMLReporter -->
<testsuite ignored="2" hostname="AKSHAY" failures="0" tests="4" name="Test" time="25.333" errors="0" timestamp="2023-07-17T11:33:05 IST">
  <testcase classname="ltim.practise2.TestApp" name="isSiteLoaded" time="0.024"/>
  <testcase classname="ltim.practise2.TestApp" name="searchProcuct" time="8.051"/>
  <testcase classname="ltim.practise2.TestApp" name="listOfIhones" time="16.852"/>
  <testcase classname="ltim.practise2.TestApp" name="isInStock" time="0.327"/>
  <testcase classname="ltim.practise2.BaseTest" name="@BeforeSuite launchURL" time="0.0">
    <ignored/>
  </testcase> <!-- @BeforeSuite launchURL -->
  <testcase classname="ltim.practise2.BaseTest" name="@AfterSuite afterSuite" time="0.0">
    <ignored/>
  </testcase> <!-- @AfterSuite afterSuite -->
</testsuite> <!-- Test -->
